0 info it worked if it ends with ok
1 verbose cli [ '/usr/local/bin/node',
1 verbose cli   '/usr/local/bin/npm',
1 verbose cli   'install',
1 verbose cli   'passport-t-local',
1 verbose cli   '--save' ]
2 info using npm@1.4.28
3 info using node@v0.10.36
4 verbose node symlink /usr/local/bin/node
5 verbose readDependencies using package.json deps
6 verbose cache add [ 'passport-t-local', null ]
7 verbose cache add name=undefined spec="passport-t-local" args=["passport-t-local",null]
8 verbose parsed url { protocol: null,
8 verbose parsed url   slashes: null,
8 verbose parsed url   auth: null,
8 verbose parsed url   host: null,
8 verbose parsed url   port: null,
8 verbose parsed url   hostname: null,
8 verbose parsed url   hash: null,
8 verbose parsed url   search: null,
8 verbose parsed url   query: null,
8 verbose parsed url   pathname: 'passport-t-local',
8 verbose parsed url   path: 'passport-t-local',
8 verbose parsed url   href: 'passport-t-local' }
9 silly lockFile e1edbcc4-passport-t-local passport-t-local
10 verbose lock passport-t-local /Users/garyswift/.npm/e1edbcc4-passport-t-local.lock
11 silly lockFile e1edbcc4-passport-t-local passport-t-local
12 silly lockFile e1edbcc4-passport-t-local passport-t-local
13 verbose addNamed [ 'passport-t-local', '' ]
14 verbose addNamed [ null, '*' ]
15 silly lockFile 02bb998c-passport-t-local passport-t-local@
16 verbose lock passport-t-local@ /Users/garyswift/.npm/02bb998c-passport-t-local.lock
17 silly addNameRange { name: 'passport-t-local', range: '*', hasData: false }
18 verbose request where is /passport-t-local
19 verbose request registry https://registry.npmjs.org/
20 verbose request id 198945e7cfb57bd2
21 verbose url raw /passport-t-local
22 verbose url resolving [ 'https://registry.npmjs.org/', './passport-t-local' ]
23 verbose url resolved https://registry.npmjs.org/passport-t-local
24 verbose request where is https://registry.npmjs.org/passport-t-local
25 info trying registry request attempt 1 at 18:09:52
26 http GET https://registry.npmjs.org/passport-t-local
27 http 404 https://registry.npmjs.org/passport-t-local
28 verbose headers { date: 'Thu, 09 Apr 2015 17:09:52 GMT',
28 verbose headers   server: 'CouchDB/1.5.0 (Erlang OTP/R16B03)',
28 verbose headers   'content-type': 'application/json',
28 verbose headers   'cache-control': 'max-age=0',
28 verbose headers   'content-length': '51',
28 verbose headers   'accept-ranges': 'bytes',
28 verbose headers   via: '1.1 varnish',
28 verbose headers   age: '0',
28 verbose headers   'x-served-by': 'cache-ams4123-AMS',
28 verbose headers   'x-cache': 'MISS',
28 verbose headers   'x-cache-hits': '0',
28 verbose headers   'x-timer': 'S1428599392.252120,VS0,VE377',
28 verbose headers   'keep-alive': 'timeout=10, max=50',
28 verbose headers   connection: 'Keep-Alive' }
29 silly registry.get cb [ 404,
29 silly registry.get   { date: 'Thu, 09 Apr 2015 17:09:52 GMT',
29 silly registry.get     server: 'CouchDB/1.5.0 (Erlang OTP/R16B03)',
29 silly registry.get     'content-type': 'application/json',
29 silly registry.get     'cache-control': 'max-age=0',
29 silly registry.get     'content-length': '51',
29 silly registry.get     'accept-ranges': 'bytes',
29 silly registry.get     via: '1.1 varnish',
29 silly registry.get     age: '0',
29 silly registry.get     'x-served-by': 'cache-ams4123-AMS',
29 silly registry.get     'x-cache': 'MISS',
29 silly registry.get     'x-cache-hits': '0',
29 silly registry.get     'x-timer': 'S1428599392.252120,VS0,VE377',
29 silly registry.get     'keep-alive': 'timeout=10, max=50',
29 silly registry.get     connection: 'Keep-Alive' } ]
30 silly lockFile 02bb998c-passport-t-local passport-t-local@
31 silly lockFile 02bb998c-passport-t-local passport-t-local@
32 error 404 404 Not Found: passport-t-local
32 error 404
32 error 404 'passport-t-local' is not in the npm registry.
32 error 404 You should bug the author to publish it
32 error 404 It was specified as a dependency of 'passport-mongo'
32 error 404
32 error 404 Note that you can also install from a
32 error 404 tarball, folder, or http url, or git url.
33 error System Darwin 14.1.0
34 error command "/usr/local/bin/node" "/usr/local/bin/npm" "install" "passport-t-local" "--save"
35 error cwd /Users/garyswift/Dropbox/www/node/passport-mongo
36 error node -v v0.10.36
37 error npm -v 1.4.28
38 error code E404
39 verbose exit [ 1, true ]
